<?xml version="1.0" encoding="UTF-8"?>
<testsuite xmlns:xsi="http://www.w3.org/2001/XMLSchema-instance" xsi:schemaLocation="https://maven.apache.org/surefire/maven-surefire-plugin/xsd/surefire-test-report.xsd" name="TestSuite" time="412.856" tests="6" errors="0" skipped="0" failures="0">
  <properties>
    <property name="PROCESSOR_ARCHITECTURE" value="AMD64"/>
    <property name="file.encoding.pkg" value="sun.io"/>
    <property name="LOGONSERVER" value="\\CAROL-PC"/>
    <property name="ProgramData" value="C:\ProgramData"/>
    <property name="java.home" value="C:\Program Files\Java\jdk1.8.0_71\jre"/>
    <property name="NODE_NAME" value="master"/>
    <property name="JENKINS_URL" value="http://localhost:8080/"/>
    <property name="ALLUSERSPROFILE" value="C:\ProgramData"/>
    <property name="java.endorsed.dirs" value="C:\Program Files\Java\jdk1.8.0_71\jre\lib\endorsed"/>
    <property name="PSModulePath" value="C:\Windows\system32\WindowsPowerShell\v1.0\Modules\;C:\Program Files (x86)\AutoIt3\AutoItX;c:\Program Files (x86)\Microsoft SQL Server\110\Tools\PowerShell\Modules\"/>
    <property name="USERDOMAIN" value="carol-PC"/>
    <property name="sun.os.patch.level" value="Service Pack 1"/>
    <property name="java.vendor.url" value="http://java.oracle.com/"/>
    <property name="CommonProgramFiles(x86)" value="C:\Program Files (x86)\Common Files"/>
    <property name="java.version" value="1.8.0_71"/>
    <property name="JOB_NAME" value="CucumberFrameworkJob"/>
    <property name="COMPUTERNAME" value="CAROL-PC"/>
    <property name="windows_tracing_logfile" value="C:\BVTBin\Tests\installpackage\csilogfile.log"/>
    <property name="java.vendor.url.bug" value="http://bugreport.sun.com/bugreport/"/>
    <property name="PUBLIC" value="C:\Users\Public"/>
    <property name="VS120COMNTOOLS" value="C:\Program Files (x86)\Microsoft Visual Studio 12.0\Common7\Tools\"/>
    <property name="user.name" value="carol"/>
    <property name="sun.io.unicode.encoding" value="UnicodeLittle"/>
    <property name="sun.jnu.encoding" value="Cp1252"/>
    <property name="java.runtime.name" value="Java(TM) SE Runtime Environment"/>
    <property name="windir" value="C:\Windows"/>
    <property name="PROCESSOR_IDENTIFIER" value="Intel64 Family 6 Model 37 Stepping 5, GenuineIntel"/>
    <property name="IntelliJ IDEA Community Edition" value="C:\Program Files\JetBrains\IntelliJ IDEA Community Edition 2018.3.3\bin;"/>
    <property name="java.specification.name" value="Java Platform API Specification"/>
    <property name="LOCALAPPDATA" value="C:\Users\carol\AppData\Local"/>
    <property name="RUN_CHANGES_DISPLAY_URL" value="http://localhost:8080/job/CucumberFrameworkJob/3/display/redirect?page=changes"/>
    <property name="user.timezone" value="America/Chicago"/>
    <property name="user.script" value=""/>
    <property name="path.separator" value=";"/>
    <property name="NUMBER_OF_PROCESSORS" value="4"/>
    <property name="BUILD_TAG" value="jenkins-CucumberFrameworkJob-3"/>
    <property name="windows_tracing_flags" value="3"/>
    <property name="file.encoding" value="Cp1252"/>
    <property name="VS140COMNTOOLS" value="C:\Program Files (x86)\Microsoft Visual Studio 14.0\Common7\Tools\"/>
    <property name="sun.java.command" value="jenkins.maven3.agent.Maven35Main C:\Users\carol\.jenkins\tools\hudson.tasks.Maven_MavenInstallation\MAVEN_HOME C:\Users\carol\.jenkins\war\WEB-INF\lib\remoting-3.29.jar C:\Users\carol\.jenkins\plugins\maven-plugin\WEB-INF\lib\maven35-interceptor-1.12.jar C:\Users\carol\.jenkins\plugins\maven-plugin\WEB-INF\lib\maven3-interceptor-commons-1.12.jar 24720"/>
    <property name="HUDSON_URL" value="http://localhost:8080/"/>
    <property name="AXIS2_HOME" value="C:\Axis\axis2-1.7.4"/>
    <property name="JENKINS_SERVER_COOKIE" value="7d55736d40b2c14c"/>
    <property name="EXECUTOR_NUMBER" value="1"/>
    <property name="Path" value="C:\Program Files\Java\jdk1.8.0_71/bin;C:\Program Files (x86)\Common Files\Oracle\Java\javapath;C:\Python27\;C:\Python27\Scripts;C:\ProgramData\Oracle\Java\javapath;C:\Windows\system32;C:\Windows;C:\Windows\System32\Wbem;C:\Program Files\Broadcom\Broadcom 802.11\Driver;C:\Users\carol\.dnx\bin;C:\Program Files\Microsoft DNX\Dnvm\;C:\Program Files\Microsoft SQL Server\120\Tools\Binn\;C:\java_workspace\software\apache-maven-3.3.9\bin;C:\Program Files\MySQL\MySQL Utilities 1.6\;C:\Program Files\Microsoft SQL Server\110\Tools\Binn\;C:\Windows\System32\WindowsPowerShell\v1.0\;C:\Users\carol\AppData\Roaming\nvm;C:\Program Files\nodejs;C:\Windows\System32\WindowsPowerShell\v1.0\;C:\Windows\System32\WindowsPowerShell\v1.0\;C:\Windows\System32\WindowsPowerShell\v1.0\;C:\Program Files\Git\cmd;C:\Windows\System32\WindowsPowerShell\v1.0\;C:\Program Files\nodejs\;C:\Program Files\Java\jre1.8.0_191\bin;C:\Program Files\Java\jdk1.8.0_71\bin;c:\Program Files (x86)\Microsoft SQL Server\110\Tools\Binn\ManagementStudio\;c:\Program Files (x86)\Microsoft SQL Server\110\Tools\Binn\;c:\Program Files (x86)\Microsoft SQL Server\110\DTS\Binn\;C:\Python37-32\Scripts\;C:\Python37-32\;C:\Python27;C:\Wget\;C:\Python27\Scripts\;C:\Program Files (x86)\Microsoft VS Code\bin;C:\Users\carol\AppData\Roaming\nvm;C:\Program Files\nodejs;C:\Users\carol\AppData\Local\atom\bin;C:\Users\carol\AppData\Roaming\npm;C:\Program Files\JetBrains\IntelliJ IDEA Community Edition 2018.3.3\bin;"/>
    <property name="GIT_COMMIT" value="e1bb50f13ae8d4a36a6acedc26863c6429b491a8"/>
    <property name="java.io.tmpdir" value="C:\Users\carol\AppData\Local\Temp\"/>
    <property name="APPDATA" value="C:\Users\carol\AppData\Roaming"/>
    <property name="user.language" value="en"/>
    <property name="line.separator" value="&#10;"/>
    <property name="BUILD_URL" value="http://localhost:8080/job/CucumberFrameworkJob/3/"/>
    <property name="M2_HOME" value="C:\Users\carol\.jenkins\tools\hudson.tasks.Maven_MavenInstallation\MAVEN_HOME"/>
    <property name="=C:" value="C:\java_workspace\software"/>
    <property name="java.vm.info" value="mixed mode"/>
    <property name="sun.desktop" value="windows"/>
    <property name="java.vm.specification.name" value="Java Virtual Machine Specification"/>
    <property name="BUILD_DISPLAY_NAME" value="#3"/>
    <property name="OS" value="Windows_NT"/>
    <property name="NVM_SYMLINK" value="C:\Program Files\nodejs"/>
    <property name="guice.disable.misplaced.annotation.check" value="true"/>
    <property name="HUDSON_SERVER_COOKIE" value="7d55736d40b2c14c"/>
    <property name="MAVEN_HOME" value="C:\Users\carol\.jenkins\tools\hudson.tasks.Maven_MavenInstallation\MAVEN_HOME"/>
    <property name="SESSIONNAME" value="Console"/>
    <property name="PATHEXT" value=".COM;.EXE;.BAT;.CMD;.VBS;.VBE;.JS;.JSE;.WSF;.WSH;.MSC"/>
    <property name="java.awt.printerjob" value="sun.awt.windows.WPrinterJob"/>
    <property name="maven3.interceptor.common" value="C:\Users\carol\.jenkins\plugins\maven-plugin\WEB-INF\lib\maven3-interceptor-commons-1.12.jar"/>
    <property name="CLASSPATH" value=""/>
    <property name="HOMEPATH" value="\Users\carol"/>
    <property name="os.name" value="Windows 7"/>
    <property name="java.specification.vendor" value="Oracle Corporation"/>
    <property name="FP_NO_HOST_CHECK" value="NO"/>
    <property name="java.vm.name" value="Java HotSpot(TM) 64-Bit Server VM"/>
    <property name="BUILD_NUMBER" value="3"/>
    <property name="MYSQLCONNECTOR_ASSEMBLIESPATH" value="C:\Program Files (x86)\MySQL\Connector.NET 6.9\Assemblies\v4.5"/>
    <property name="maven3.interceptor" value="C:\Users\carol\.jenkins\plugins\maven-plugin\WEB-INF\lib\maven35-interceptor-1.12.jar"/>
    <property name="java.library.path" value="C:\Program Files\Java\jdk1.8.0_71\bin;C:\Windows\Sun\Java\bin;C:\Windows\system32;C:\Windows;C:\Users\carol\.jenkins\tools\hudson.tasks.Maven_MavenInstallation\MAVEN_HOME/bin;C:\Program Files\Java\jdk1.8.0_71/bin;C:\Program Files\Java\jdk1.8.0_71/bin;C:\Program Files (x86)\Common Files\Oracle\Java\javapath;C:\Python27\;C:\Python27\Scripts;C:\ProgramData\Oracle\Java\javapath;C:\Windows\system32;C:\Windows;C:\Windows\System32\Wbem;C:\Program Files\Broadcom\Broadcom 802.11\Driver;C:\Users\carol\.dnx\bin;C:\Program Files\Microsoft DNX\Dnvm\;C:\Program Files\Microsoft SQL Server\120\Tools\Binn\;C:\java_workspace\software\apache-maven-3.3.9\bin;C:\Program Files\MySQL\MySQL Utilities 1.6\;C:\Program Files\Microsoft SQL Server\110\Tools\Binn\;C:\Windows\System32\WindowsPowerShell\v1.0\;C:\Users\carol\AppData\Roaming\nvm;C:\Program Files\nodejs;C:\Windows\System32\WindowsPowerShell\v1.0\;C:\Windows\System32\WindowsPowerShell\v1.0\;C:\Windows\System32\WindowsPowerShell\v1.0\;C:\Program Files\Git\cmd;C:\Windows\System32\WindowsPowerShell\v1.0\;C:\Program Files\nodejs\;C:\Program Files\Java\jre1.8.0_191\bin;C:\Program Files\Java\jdk1.8.0_71\bin;c:\Program Files (x86)\Microsoft SQL Server\110\Tools\Binn\ManagementStudio\;c:\Program Files (x86)\Microsoft SQL Server\110\Tools\Binn\;c:\Program Files (x86)\Microsoft SQL Server\110\DTS\Binn\;C:\Python37-32\Scripts\;C:\Python37-32\;C:\Python27;C:\Wget\;C:\Python27\Scripts\;C:\Program Files (x86)\Microsoft VS Code\bin;C:\Users\carol\AppData\Roaming\nvm;C:\Program Files\nodejs;C:\Users\carol\AppData\Local\atom\bin;C:\Users\carol\AppData\Roaming\npm;C:\Program Files\JetBrains\IntelliJ IDEA Community Edition 2018.3.3\bin;;."/>
    <property name="HOMEDRIVE" value="C:"/>
    <property name="POM_GROUPID" value="com"/>
    <property name="POM_ARTIFACTID" value="cucumberFramework"/>
    <property name="java.class.version" value="52.0"/>
    <property name="PT6HOME" value="C:\Program Files (x86)\Cisco Packet Tracer 6.0.1"/>
    <property name="JOB_URL" value="http://localhost:8080/job/CucumberFrameworkJob/"/>
    <property name="NVM_HOME" value="C:\Users\carol\AppData\Roaming\nvm"/>
    <property name="GIT_BRANCH" value="Vtiger_app_report/master"/>
    <property name="RUN_DISPLAY_URL" value="http://localhost:8080/job/CucumberFrameworkJob/3/display/redirect"/>
    <property name="JENKINS_HOME" value="C:\Users\carol\.jenkins"/>
    <property name="BUILD_ID" value="3"/>
    <property name="TEMP" value="C:\Users\carol\AppData\Local\Temp"/>
    <property name="sun.boot.library.path" value="C:\Program Files\Java\jdk1.8.0_71\jre\bin"/>
    <property name="sun.management.compiler" value="HotSpot 64-Bit Tiered Compilers"/>
    <property name="java.awt.graphicsenv" value="sun.awt.Win32GraphicsEnvironment"/>
    <property name="user.variant" value=""/>
    <property name="PROCESSOR_REVISION" value="2505"/>
    <property name="POM_VERSION" value="0.0.1-SNAPSHOT"/>
    <property name="HUDSON_HOME" value="C:\Users\carol\.jenkins"/>
    <property name="ProgramFiles(x86)" value="C:\Program Files (x86)"/>
    <property name="PATH+MAVEN" value="C:\Users\carol\.jenkins\tools\hudson.tasks.Maven_MavenInstallation\MAVEN_HOME/bin"/>
    <property name="SCITE_USERHOME" value="C:\Users\carol\AppData\Local\AutoIt v3\SciTE"/>
    <property name="PROMPT" value="$P$G"/>
    <property name="java.vm.specification.version" value="1.8"/>
    <property name="JAVA_HOME" value="C:\Program Files\Java\jdk1.8.0_71"/>
    <property name="awt.toolkit" value="sun.awt.windows.WToolkit"/>
    <property name="NODE_LABELS" value="master"/>
    <property name="sun.cpu.isalist" value="amd64"/>
    <property name="USERPROFILE" value="C:\Users\carol"/>
    <property name="asl.log" value="Destination=file"/>
    <property name="JOB_DISPLAY_URL" value="http://localhost:8080/job/CucumberFrameworkJob/display/redirect"/>
    <property name="java.ext.dirs" value="C:\Program Files\Java\jdk1.8.0_71\jre\lib\ext;C:\Windows\Sun\Java\lib\ext"/>
    <property name="os.version" value="6.1"/>
    <property name="user.home" value="C:\Users\carol"/>
    <property name="USERNAME" value="carol"/>
    <property name="java.vm.vendor" value="Oracle Corporation"/>
    <property name="PROCESSOR_LEVEL" value="6"/>
    <property name="CommonProgramW6432" value="C:\Program Files\Common Files"/>
    <property name="user.dir" value="C:\java_workspace\cucumber_selenium_framework\latestCucumberSeleniumFramework"/>
    <property name="maven.conf" value="C:\Users\carol\.jenkins\tools\hudson.tasks.Maven_MavenInstallation\MAVEN_HOME\conf"/>
    <property name="ProgramW6432" value="C:\Program Files"/>
    <property name="TMP" value="C:\Users\carol\AppData\Local\Temp"/>
    <property name="sun.cpu.endian" value="little"/>
    <property name="SystemDrive" value="C:"/>
    <property name="java.vm.version" value="25.71-b15"/>
    <property name="java.class.path" value="C:\Users\carol\.jenkins\plugins\maven-plugin\WEB-INF\lib\maven35-agent-1.12.jar;C:\Users\carol\.jenkins\tools\hudson.tasks.Maven_MavenInstallation\MAVEN_HOME\boot\plexus-classworlds-2.5.2.jar;C:\Users\carol\.jenkins\tools\hudson.tasks.Maven_MavenInstallation\MAVEN_HOME/conf/logging"/>
    <property name="org.slf4j.simpleLogger.defaultLogLevel" value="info"/>
    <property name="os.arch" value="amd64"/>
    <property name="PT5HOME" value="C:\Program Files (x86)\Cisco Packet Tracer 6.0.1"/>
    <property name="WORKSPACE" value="C:\Users\carol\.jenkins\workspace\CucumberFrameworkJob"/>
    <property name="ComSpec" value="C:\Windows\system32\cmd.exe"/>
    <property name="sun.java.launcher" value="SUN_STANDARD"/>
    <property name="SystemRoot" value="C:\Windows"/>
    <property name="CommonProgramFiles" value="C:\Program Files\Common Files"/>
    <property name="java.vm.specification.vendor" value="Oracle Corporation"/>
    <property name="file.separator" value="\"/>
    <property name="java.runtime.version" value="1.8.0_71-b15"/>
    <property name="ProgramFiles" value="C:\Program Files"/>
    <property name="sun.boot.class.path" value="C:\Program Files\Java\jdk1.8.0_71\jre\lib\resources.jar;C:\Program Files\Java\jdk1.8.0_71\jre\lib\rt.jar;C:\Program Files\Java\jdk1.8.0_71\jre\lib\sunrsasign.jar;C:\Program Files\Java\jdk1.8.0_71\jre\lib\jsse.jar;C:\Program Files\Java\jdk1.8.0_71\jre\lib\jce.jar;C:\Program Files\Java\jdk1.8.0_71\jre\lib\charsets.jar;C:\Program Files\Java\jdk1.8.0_71\jre\lib\jfr.jar;C:\Program Files\Java\jdk1.8.0_71\jre\classes"/>
    <property name="PATH+JDK" value="C:\Program Files\Java\jdk1.8.0_71/bin"/>
    <property name="user.country" value="US"/>
    <property name="POM_PACKAGING" value="jar"/>
    <property name="maven.home" value="C:\Users\carol\.jenkins\tools\hudson.tasks.Maven_MavenInstallation\MAVEN_HOME"/>
    <property name="JOB_BASE_NAME" value="CucumberFrameworkJob"/>
    <property name="java.vendor" value="Oracle Corporation"/>
    <property name="java.specification.version" value="1.8"/>
    <property name="POM_DISPLAYNAME" value="cucumberFramework"/>
    <property name="sun.arch.data.model" value="64"/>
    <property name="GIT_URL" value="https://github.com/carolwu53/BDD_Automation"/>
  </properties>
  <testcase name="feature" classname="com.cucumberFramework.testRunner.TestRunner" time="80.888"/>
  <testcase name="feature" classname="com.cucumberFramework.testRunner.TestRunner" time="55.592"/>
  <testcase name="feature" classname="com.cucumberFramework.testRunner.TestRunner" time="40.811"/>
  <testcase name="feature" classname="com.cucumberFramework.testRunner.TestRunner" time="84.261"/>
  <testcase name="feature" classname="com.cucumberFramework.testRunner.TestRunner" time="81.841"/>
  <testcase name="feature" classname="com.cucumberFramework.testRunner.TestRunner" time="66.137"/>
</testsuite>