<?xml version="1.0" encoding="UTF-8"?>
<!-- Generated by org.testng.reporters.JUnitReportReporter -->
<testsuite hostname="carol-PC" name="com.cucumberFramework.testRunner.TestRunner" tests="1" failures="0" timestamp="6 Mar 2019 16:36:30 GMT" time="23.877" errors="0">
  <testcase name="feature" time="23.877" classname="com.cucumberFramework.testRunner.TestRunner"/>
</testsuite> <!-- com.cucumberFramework.testRunner.TestRunner -->
