<?xml version="1.0" encoding="UTF-8"?>
<!-- Generated by org.testng.reporters.JUnitReportReporter -->
<testsuite hostname="carol-PC" name="com.cucumberFramework.testRunner.TestRunner" tests="1" failures="0" timestamp="5 Mar 2019 21:29:12 GMT" time="28.609" errors="0">
  <testcase name="feature" time="28.609" classname="com.cucumberFramework.testRunner.TestRunner"/>
</testsuite> <!-- com.cucumberFramework.testRunner.TestRunner -->
