<?xml version="1.0" encoding="UTF-8"?>
<!-- Generated by org.testng.reporters.JUnitReportReporter -->
<testsuite hostname="carol-PC" name="com.cucumberFramework.testRunner.TestRunner" tests="1" failures="0" timestamp="7 Mar 2019 15:52:19 GMT" time="18.636" errors="0">
  <testcase name="feature" time="18.636" classname="com.cucumberFramework.testRunner.TestRunner"/>
</testsuite> <!-- com.cucumberFramework.testRunner.TestRunner -->
